0 info it worked if it ends with ok
1 verbose cli [ '/usr/local/bin/node', '/usr/local/bin/npm', 'start' ]
2 info using npm@3.10.5
3 info using node@v6.2.2
4 verbose run-script [ 'prestart', 'start', 'poststart' ]
5 info lifecycle lemuria_front-end@1.0.0~prestart: lemuria_front-end@1.0.0
6 silly lifecycle lemuria_front-end@1.0.0~prestart: no script for prestart, continuing
7 info lifecycle lemuria_front-end@1.0.0~start: lemuria_front-end@1.0.0
8 verbose lifecycle lemuria_front-end@1.0.0~start: unsafe-perm in lifecycle true
9 verbose lifecycle lemuria_front-end@1.0.0~start: PATH: /usr/local/lib/node_modules/npm/bin/node-gyp-bin:/Users/sujan/WebstormProjects/lemuria_front-end/node_modules/.bin:/usr/local/bin:/Library/Frameworks/Python.framework/Versions/3.5/bin:/Applications/MAMP/bin/php/php5.3.6/bin:/usr/local/bin:/usr/bin:/bin:/usr/sbin:/sbin
10 verbose lifecycle lemuria_front-end@1.0.0~start: CWD: /Users/sujan/WebstormProjects/lemuria_front-end
11 silly lifecycle lemuria_front-end@1.0.0~start: Args: [ '-c', 'tsc && concurrently "npm run tsc:w" "npm run lite" ' ]
12 silly lifecycle lemuria_front-end@1.0.0~start: Returned: code: 2  signal: null
13 info lifecycle lemuria_front-end@1.0.0~start: Failed to exec start script
14 verbose stack Error: lemuria_front-end@1.0.0 start: `tsc && concurrently "npm run tsc:w" "npm run lite" `
14 verbose stack Exit status 2
14 verbose stack     at EventEmitter.<anonymous> (/usr/local/lib/node_modules/npm/lib/utils/lifecycle.js:242:16)
14 verbose stack     at emitTwo (events.js:106:13)
14 verbose stack     at EventEmitter.emit (events.js:191:7)
14 verbose stack     at ChildProcess.<anonymous> (/usr/local/lib/node_modules/npm/lib/utils/spawn.js:40:14)
14 verbose stack     at emitTwo (events.js:106:13)
14 verbose stack     at ChildProcess.emit (events.js:191:7)
14 verbose stack     at maybeClose (internal/child_process.js:852:16)
14 verbose stack     at Process.ChildProcess._handle.onexit (internal/child_process.js:215:5)
15 verbose pkgid lemuria_front-end@1.0.0
16 verbose cwd /Users/sujan/WebstormProjects/lemuria_front-end
17 error Darwin 15.4.0
18 error argv "/usr/local/bin/node" "/usr/local/bin/npm" "start"
19 error node v6.2.2
20 error npm  v3.10.5
21 error code ELIFECYCLE
22 error lemuria_front-end@1.0.0 start: `tsc && concurrently "npm run tsc:w" "npm run lite" `
22 error Exit status 2
23 error Failed at the lemuria_front-end@1.0.0 start script 'tsc && concurrently "npm run tsc:w" "npm run lite" '.
23 error Make sure you have the latest version of node.js and npm installed.
23 error If you do, this is most likely a problem with the lemuria_front-end package,
23 error not with npm itself.
23 error Tell the author that this fails on your system:
23 error     tsc && concurrently "npm run tsc:w" "npm run lite"
23 error You can get information on how to open an issue for this project with:
23 error     npm bugs lemuria_front-end
23 error Or if that isn't available, you can get their info via:
23 error     npm owner ls lemuria_front-end
23 error There is likely additional logging output above.
24 verbose exit [ 1, true ]
